Added Component: Designator=C1(Cap_Ta_A_Case)
Added Component: Designator=C2(C0603)
Added Component: Designator=C3(C0603)
Added Component: Designator=C4(C0603)
Added Component: Designator=C5(Cap_Ta_B_Case)
Added Component: Designator=C6(Cap_Ta_A_Case)
Added Component: Designator=C7(C0603)
Added Component: Designator=C8(C0603)
Added Component: Designator=C9(C0603)
Added Component: Designator=C10(C0603)
Added Component: Designator=C11(C0603)
Added Component: Designator=C12(C1206)
Added Component: Designator=C13(C0603)
Added Component: Designator=C14(C0603)
Added Component: Designator=C15(C0603)
Added Component: Designator=D1(SOT23-3)
Added Component: Designator=D2(SOT23-3)
Added Component: Designator=D3(SOT23-3)
Added Component: Designator=D4(SOT23-3)
Added Component: Designator=P1(HDR1X2)
Added Component: Designator=P2(Header1X8_Male)
Added Component: Designator=P3(Header2X4_male)
Added Component: Designator=P4(HDR1X4)
Added Component: Designator=P5(HDR1X2)
Added Component: Designator=P6(HDR1X4)
Added Component: Designator=Q1(SOT23_N)
Added Component: Designator=Q2(SOT23_N)
Added Component: Designator=Q3(SOT23_N)
Added Component: Designator=Q4(SOT23_N)
Added Component: Designator=R1(R0603)
Added Component: Designator=R2(R0603)
Added Component: Designator=R3(R0603)
Added Component: Designator=R4(R0603)
Added Component: Designator=R5(R0603)
Added Component: Designator=R6(R0603)
Added Component: Designator=R7(R0603)
Added Component: Designator=R8(R0603)
Added Component: Designator=R9(R0603)
Added Component: Designator=R10(R0603)
Added Component: Designator=R11(R0603)
Added Component: Designator=R12(R0603)
Added Component: Designator=R13(R0603)
Added Component: Designator=R14(R0603)
Added Component: Designator=R15(R0603)
Added Component: Designator=R16(R0603)
Added Component: Designator=R17(R0603)
Added Component: Designator=R18(R0603)
Added Component: Designator=R19(R0603)
Added Component: Designator=R20(R0603)
Added Component: Designator=R21(R0603)
Added Component: Designator=U4(16 Lead QFN 2)
Added Component: Designator=U5(LQFP48_N)
Added Pin To Net: NetName=3V3_EXT Pin=C6-1
Added Pin To Net: NetName=3V3_EXT Pin=C8-1
Added Pin To Net: NetName=3V3_EXT Pin=P2-1
Added Pin To Net: NetName=3V3_EXT Pin=P3-2
Added Pin To Net: NetName=3V3_EXT Pin=R7-1
Added Net: Name=3V3_EXT
Added Pin To Net: NetName=3V3 Pin=C1-1
Added Pin To Net: NetName=3V3 Pin=C3-1
Added Pin To Net: NetName=3V3 Pin=C10-2
Added Pin To Net: NetName=3V3 Pin=C12-2
Added Pin To Net: NetName=3V3 Pin=C14-2
Added Pin To Net: NetName=3V3 Pin=P4-1
Added Pin To Net: NetName=3V3 Pin=P6-1
Added Pin To Net: NetName=3V3 Pin=R1-2
Added Pin To Net: NetName=3V3 Pin=R2-2
Added Pin To Net: NetName=3V3 Pin=R3-2
Added Pin To Net: NetName=3V3 Pin=R4-2
Added Pin To Net: NetName=3V3 Pin=R6-1
Added Pin To Net: NetName=3V3 Pin=R15-2
Added Pin To Net: NetName=3V3 Pin=R16-2
Added Pin To Net: NetName=3V3 Pin=U4-2
Added Pin To Net: NetName=3V3 Pin=U4-4
Added Pin To Net: NetName=3V3 Pin=U4-6
Added Pin To Net: NetName=3V3 Pin=U4-13
Added Pin To Net: NetName=3V3 Pin=U5-9
Added Pin To Net: NetName=3V3 Pin=U5-24
Added Pin To Net: NetName=3V3 Pin=U5-36
Added Pin To Net: NetName=3V3 Pin=U5-48
Added Net: Name=3V3
Added Pin To Net: NetName=BOOT0 Pin=P5-1
Added Pin To Net: NetName=BOOT0 Pin=R15-1
Added Pin To Net: NetName=BOOT0 Pin=U5-44
Added Net: Name=BOOT0
Added Pin To Net: NetName=GND Pin=C1-2
Added Pin To Net: NetName=GND Pin=C2-2
Added Pin To Net: NetName=GND Pin=C3-2
Added Pin To Net: NetName=GND Pin=C4-1
Added Pin To Net: NetName=GND Pin=C5-2
Added Pin To Net: NetName=GND Pin=C6-2
Added Pin To Net: NetName=GND Pin=C7-2
Added Pin To Net: NetName=GND Pin=C8-2
Added Pin To Net: NetName=GND Pin=C10-1
Added Pin To Net: NetName=GND Pin=C11-1
Added Pin To Net: NetName=GND Pin=C12-1
Added Pin To Net: NetName=GND Pin=C13-1
Added Pin To Net: NetName=GND Pin=C14-1
Added Pin To Net: NetName=GND Pin=C15-1
Added Pin To Net: NetName=GND Pin=P1-1
Added Pin To Net: NetName=GND Pin=P2-8
Added Pin To Net: NetName=GND Pin=P3-1
Added Pin To Net: NetName=GND Pin=P4-4
Added Pin To Net: NetName=GND Pin=P5-2
Added Pin To Net: NetName=GND Pin=P6-4
Added Pin To Net: NetName=GND Pin=Q1-2
Added Pin To Net: NetName=GND Pin=Q2-2
Added Pin To Net: NetName=GND Pin=Q3-2
Added Pin To Net: NetName=GND Pin=Q4-2
Added Pin To Net: NetName=GND Pin=R5-1
Added Pin To Net: NetName=GND Pin=R14-1
Added Pin To Net: NetName=GND Pin=R17-1
Added Pin To Net: NetName=GND Pin=R18-1
Added Pin To Net: NetName=GND Pin=R19-1
Added Pin To Net: NetName=GND Pin=R20-1
Added Pin To Net: NetName=GND Pin=R21-1
Added Pin To Net: NetName=GND Pin=U4-9
Added Pin To Net: NetName=GND Pin=U4-11
Added Pin To Net: NetName=GND Pin=U5-8
Added Pin To Net: NetName=GND Pin=U5-23
Added Pin To Net: NetName=GND Pin=U5-35
Added Pin To Net: NetName=GND Pin=U5-47
Added Net: Name=GND
Added Pin To Net: NetName=IIC_SCL Pin=R2-1
Added Pin To Net: NetName=IIC_SCL Pin=U5-42
Added Net: Name=IIC_SCL
Added Pin To Net: NetName=IIC_SDA Pin=R1-1
Added Pin To Net: NetName=IIC_SDA Pin=U5-43
Added Net: Name=IIC_SDA
Added Pin To Net: NetName=M1 Pin=Q1-1
Added Pin To Net: NetName=M1 Pin=R18-2
Added Pin To Net: NetName=M1 Pin=U5-10
Added Net: Name=M1
Added Pin To Net: NetName=M2 Pin=Q2-1
Added Pin To Net: NetName=M2 Pin=R19-2
Added Pin To Net: NetName=M2 Pin=U5-11
Added Net: Name=M2
Added Pin To Net: NetName=M3 Pin=Q3-1
Added Pin To Net: NetName=M3 Pin=R20-2
Added Pin To Net: NetName=M3 Pin=U5-12
Added Net: Name=M3
Added Pin To Net: NetName=M4 Pin=Q4-1
Added Pin To Net: NetName=M4 Pin=R21-2
Added Pin To Net: NetName=M4 Pin=U5-13
Added Net: Name=M4
Added Pin To Net: NetName=MISO Pin=P2-6
Added Pin To Net: NetName=MISO Pin=P3-7
Added Pin To Net: NetName=MISO Pin=R12-1
Added Net: Name=MISO
Added Pin To Net: NetName=MOSI Pin=P2-5
Added Pin To Net: NetName=MOSI Pin=P3-6
Added Pin To Net: NetName=MOSI Pin=R11-1
Added Net: Name=MOSI
Added Pin To Net: NetName=NetC4_2 Pin=C4-2
Added Net: Name=NetC4_2
Added Pin To Net: NetName=NetC9_1 Pin=C9-1
Added Pin To Net: NetName=NetC9_1 Pin=U4-8
Added Net: Name=NetC9_1
Added Pin To Net: NetName=NetC9_2 Pin=C9-2
Added Pin To Net: NetName=NetC9_2 Pin=U4-12
Added Net: Name=NetC9_2
Added Pin To Net: NetName=NetC11_2 Pin=C11-2
Added Pin To Net: NetName=NetC11_2 Pin=U4-10
Added Net: Name=NetC11_2
Added Pin To Net: NetName=NetC13_2 Pin=C13-2
Added Net: Name=NetC13_2
Added Pin To Net: NetName=NetC15_2 Pin=C15-2
Added Pin To Net: NetName=NetC15_2 Pin=R6-2
Added Pin To Net: NetName=NetC15_2 Pin=U5-7
Added Net: Name=NetC15_2
Added Pin To Net: NetName=NetD1_1 Pin=D1-1
Added Pin To Net: NetName=NetD1_1 Pin=D1-2
Added Pin To Net: NetName=NetD1_1 Pin=Q1-3
Added Net: Name=NetD1_1
Added Pin To Net: NetName=NetD2_1 Pin=D2-1
Added Pin To Net: NetName=NetD2_1 Pin=D2-2
Added Pin To Net: NetName=NetD2_1 Pin=Q2-3
Added Net: Name=NetD2_1
Added Pin To Net: NetName=NetD3_1 Pin=D3-1
Added Pin To Net: NetName=NetD3_1 Pin=D3-2
Added Pin To Net: NetName=NetD3_1 Pin=Q3-3
Added Net: Name=NetD3_1
Added Pin To Net: NetName=NetD4_1 Pin=D4-1
Added Pin To Net: NetName=NetD4_1 Pin=D4-2
Added Pin To Net: NetName=NetD4_1 Pin=Q4-3
Added Net: Name=NetD4_1
Added Pin To Net: NetName=NetR3_1 Pin=R3-1
Added Pin To Net: NetName=NetR3_1 Pin=U4-16
Added Net: Name=NetR3_1
Added Pin To Net: NetName=NetR4_1 Pin=R4-1
Added Pin To Net: NetName=NetR4_1 Pin=U4-1
Added Net: Name=NetR4_1
Added Pin To Net: NetName=NetR5_2 Pin=R5-2
Added Pin To Net: NetName=NetR5_2 Pin=U5-20
Added Net: Name=NetR5_2
Added Pin To Net: NetName=NetU5_5 Pin=U5-5
Added Net: Name=NetU5_5
Added Pin To Net: NetName=NetU5_6 Pin=U5-6
Added Net: Name=NetU5_6
Added Pin To Net: NetName=RX1 Pin=P4-3
Added Pin To Net: NetName=RX1 Pin=U5-31
Added Net: Name=RX1
Added Pin To Net: NetName=SCK Pin=P2-4
Added Pin To Net: NetName=SCK Pin=P3-5
Added Pin To Net: NetName=SCK Pin=R10-1
Added Net: Name=SCK
Added Pin To Net: NetName=SPI_MISO Pin=U5-16
Added Net: Name=SPI_MISO
Added Pin To Net: NetName=SPI_MOSI Pin=U5-17
Added Net: Name=SPI_MOSI
Added Pin To Net: NetName=SPI_NSS Pin=U5-14
Added Net: Name=SPI_NSS
Added Pin To Net: NetName=SPI_SCK Pin=U5-15
Added Net: Name=SPI_SCK
Added Pin To Net: NetName=SWCLK Pin=P6-3
Added Pin To Net: NetName=SWCLK Pin=R17-2
Added Pin To Net: NetName=SWCLK Pin=U5-37
Added Net: Name=SWCLK
Added Pin To Net: NetName=SWDIO Pin=P6-2
Added Pin To Net: NetName=SWDIO Pin=R16-1
Added Pin To Net: NetName=SWDIO Pin=U5-34
Added Net: Name=SWDIO
Added Pin To Net: NetName=TX1 Pin=P4-2
Added Pin To Net: NetName=TX1 Pin=U5-30
Added Net: Name=TX1
Added Pin To Net: NetName=VBAT Pin=C2-1
Added Pin To Net: NetName=VBAT Pin=C5-1
Added Pin To Net: NetName=VBAT Pin=C7-1
Added Pin To Net: NetName=VBAT Pin=D1-3
Added Pin To Net: NetName=VBAT Pin=D2-3
Added Pin To Net: NetName=VBAT Pin=D3-3
Added Pin To Net: NetName=VBAT Pin=D4-3
Added Pin To Net: NetName=VBAT Pin=P1-2
Added Net: Name=VBAT
Added Pin To Net: NetName=W_CE Pin=P2-2
Added Pin To Net: NetName=W_CE Pin=P3-3
Added Pin To Net: NetName=W_CE Pin=R8-1
Added Net: Name=W_CE
Added Pin To Net: NetName=W_CSN Pin=P2-3
Added Pin To Net: NetName=W_CSN Pin=P3-4
Added Pin To Net: NetName=W_CSN Pin=R9-1
Added Net: Name=W_CSN
Added Pin To Net: NetName=W_IRQ Pin=P2-7
Added Pin To Net: NetName=W_IRQ Pin=P3-8
Added Pin To Net: NetName=W_IRQ Pin=R13-1
Added Net: Name=W_IRQ
Added Class: Name=Quadcopter_v1.0
Added Room: Name=Quadcopter_v1.0
