Added Component: Designator=U1(SOT23-3)
Added Component: Designator=U2(24 Lead QFN)
Added Component: Designator=U3(SOT23-3)
Added Pin To Net: NetName=GND Pin=U1-1
Added Pin To Net: NetName=3V3 Pin=U1-2
Added Pin To Net: NetName=VBAT Pin=U1-3
Added Pin To Net: NetName=NetR3_1 Pin=U2-6
Added Pin To Net: NetName=NetR4_1 Pin=U2-7
Added Pin To Net: NetName=3V3 Pin=U2-8
Added Pin To Net: NetName=GND Pin=U2-9
Added Pin To Net: NetName=NetC13_2 Pin=U2-10
Added Pin To Net: NetName=3V3 Pin=U2-13
Added Pin To Net: NetName=GND Pin=U2-18
Added Pin To Net: NetName=NetC4_2 Pin=U2-20
Added Pin To Net: NetName=IIC_SCL Pin=U2-23
Added Pin To Net: NetName=IIC_SDA Pin=U2-24
Added Pin To Net: NetName=GND Pin=U3-1
Added Pin To Net: NetName=3V3_EXT Pin=U3-2
Added Pin To Net: NetName=VBAT Pin=U3-3
Added Member To Class: ClassName=Quadcopter_v1.0 Member=Component U1 ME6206A33
Added Member To Class: ClassName=Quadcopter_v1.0 Member=Component U2 MPU6050
Added Member To Class: ClassName=Quadcopter_v1.0 Member=Component U3 ME6206A33
