Change Component Designator: Old Designator=C2 New Designator=C7
Change Component Designator: Old Designator=C5 New Designator=C4
Change Component Designator: Old Designator=C6 New Designator=C9
Change Component Designator: Old Designator=C7 New Designator=C8
Change Component Designator: Old Designator=C9 New Designator=C10
Change Component Designator: Old Designator=C10 New Designator=C11
Change Component Designator: Old Designator=C11 New Designator=C12
Change Component Designator: Old Designator=C12 New Designator=C13
Change Component Designator: Old Designator=C13 New Designator=C14
Change Component Designator: Old Designator=C14 New Designator=C15
Change Component Designator: Old Designator=C?? New Designator=C1
Change Component Designator: Old Designator=C?? New Designator=C5
Change Component Designator: Old Designator=C?? New Designator=C6
Change Component Designator: Old Designator=D?? New Designator=D1
Change Component Designator: Old Designator=D?? New Designator=D2
Change Component Designator: Old Designator=D?? New Designator=D3
Change Component Designator: Old Designator=D?? New Designator=D4
Change Component Designator: Old Designator=J?? New Designator=J1
Change Component Designator: Old Designator=J?? New Designator=J2
Change Component Designator: Old Designator=J?? New Designator=J3
Change Component Designator: Old Designator=J?? New Designator=J4
Change Component Designator: Old Designator=P1 New Designator=P5
Change Component Designator: Old Designator=P2 New Designator=P4
Change Component Designator: Old Designator=P3 New Designator=P6
Change Component Designator: Old Designator=P4 New Designator=P1
Change Component Designator: Old Designator=P?? New Designator=P2
Change Component Designator: Old Designator=P?? New Designator=P3
Change Component Designator: Old Designator=Q?? New Designator=Q1
Change Component Designator: Old Designator=Q?? New Designator=Q2
Change Component Designator: Old Designator=Q?? New Designator=Q3
Change Component Designator: Old Designator=Q?? New Designator=Q4
Change Component Designator: Old Designator=R1 New Designator=R15
Change Component Designator: Old Designator=R2 New Designator=R5
Change Component Designator: Old Designator=R3 New Designator=R17
Change Component Designator: Old Designator=R4 New Designator=R16
Change Component Designator: Old Designator=R5 New Designator=R6
Change Component Designator: Old Designator=R6 New Designator=R1
Change Component Designator: Old Designator=R7 New Designator=R2
Change Component Designator: Old Designator=R8 New Designator=R3
Change Component Designator: Old Designator=R9 New Designator=R4
Change Component Designator: Old Designator=R?? New Designator=R7
Change Component Designator: Old Designator=R?? New Designator=R8
Change Component Designator: Old Designator=R?? New Designator=R9
Change Component Designator: Old Designator=R?? New Designator=R10
Change Component Designator: Old Designator=R?? New Designator=R11
Change Component Designator: Old Designator=R?? New Designator=R12
Change Component Designator: Old Designator=R?? New Designator=R13
Change Component Designator: Old Designator=R?? New Designator=R14
Change Component Designator: Old Designator=R?? New Designator=R18
Change Component Designator: Old Designator=R?? New Designator=R19
Change Component Designator: Old Designator=R?? New Designator=R20
Change Component Designator: Old Designator=R?? New Designator=R21
Change Component Designator: Old Designator=U3 New Designator=U4
Change Component Designator: Old Designator=U4 New Designator=U1
Change Component Designator: Old Designator=U5 New Designator=U3
Change Component Designator: Old Designator=U? New Designator=U5
