Removed Pin From Net: NetName=3V3 Pin=P4-1
Removed Pin From Net: NetName=TX1 Pin=P4-2
Removed Pin From Net: NetName=RX1 Pin=P4-3
Removed Pin From Net: NetName=GND Pin=P4-4
Removed Pin From Net: NetName=BOOT0 Pin=P5-1
Removed Pin From Net: NetName=GND Pin=P5-2
Removed Pin From Net: NetName=3V3 Pin=R15-2
Removed Member From Class: ClassName=Quadcopter_v1.0 Member=P5
Change Component DesignItemId : Designator=P4 Old DesignItemId=Header 4 New DesignItemId=Header 1X7
Change Component Footprint: Designator=P4 Old Footprint=HDR1X4 New Footprint=HDR1X7
Change Component Footprint: Designator=Q1 Old Footprint=SOT23_N New Footprint=SOT23-3
Change Component Footprint: Designator=Q2 Old Footprint=SOT23_N New Footprint=SOT23-3
Change Component Footprint: Designator=Q3 Old Footprint=SOT23_N New Footprint=SOT23-3
Change Component Footprint: Designator=Q4 Old Footprint=SOT23_N New Footprint=SOT23-3
Change Component Comment : Designator=P4 Old Comment=Header 4 New Comment=Header 1X7
Added Pin To Net: NetName=3V3_EXT Pin=P4-1
Added Pin To Net: NetName=3V3 Pin=P4-2
Added Pin To Net: NetName=BOOT0 Pin=P4-3
Added Pin To Net: NetName=NetC15_2 Pin=P4-4
Added Pin To Net: NetName=TX1 Pin=P4-5
Added Pin To Net: NetName=RX1 Pin=P4-6
Added Pin To Net: NetName=GND Pin=P4-7
Added Pin To Net: NetName=GND Pin=R15-2
Change Net Name : Old Net Name=NetC15_2 New Net Name=NRST
Added Room: Name=Quadcopter_v1.0
